This is pdfTeX, Version 3.141592653-2.6-1.40.25 (TeX Live 2023) (preloaded format=pdflatex 2023.9.24)  11 SEP 2024 12:01
entering extended mode
 restricted \write18 enabled.
 %&-line parsing enabled.
**\nonstopmode \input ./openout.tex
(./openout.tex
\ourwrite=\write3
\openout3 = `dum.dum'.


! Undefined control sequence.
l.3 \bye
        
The control sequence at the end of the top line
of your error message was never \def'ed. If you have
misspelled it (e.g., `\hobx'), type `I' and the correct
spelling (e.g., `I\hbox'). Otherwise just continue,
and I'll forget about whatever was undefined.

)
! Emergency stop.
<*> \nonstopmode \input ./openout.tex
                                     
*** (job aborted, no legal \end found)

 
Here is how much of TeX's memory you used:
 18 strings out of 476025
 393 string characters out of 5790017
 1849388 words of memory out of 5000000
 20570 multiletter control sequences out of 15000+600000
 512287 words of font info for 32 fonts, out of 8000000 for 9000
 1141 hyphenation exceptions out of 8191
 12i,0n,12p,71b,10s stack positions out of 10000i,1000n,20000p,200000b,200000s
!  ==> Fatal error occurred, no output PDF file produced!
